[2019-10-10 20:50:15,607] (INFO) Connected with Code : 0
[2019-10-10 20:50:26,154] (INFO) Received message...
[2019-10-10 20:50:26,155] (INFO) hello there
[2019-10-10 20:50:27,409] (INFO) Received message...
[2019-10-10 20:50:27,409] (INFO) hello there
[2019-10-10 20:50:28,052] (INFO) Received message...
[2019-10-10 20:50:28,052] (INFO) hello there
[2019-10-10 22:26:11,160] (INFO) Connected with Code : 0
[2019-10-10 22:26:11,688] (INFO) Received message...
[2019-10-10 22:26:11,689] (INFO) {"bid":"000000000002","timestamp":1568468686767,"receiverid":"PS-A-01"}
[2019-10-10 22:26:11,777] (INFO) Successfully processed message!
[2019-10-10 22:26:12,740] (INFO) Received message...
[2019-10-10 22:26:12,740] (INFO) {"bid":"000000000001","timestamp":1568468687817,"receiverid":"PS-A-01"}
[2019-10-10 22:26:12,770] (INFO) Successfully processed message!
[2019-10-10 22:26:13,205] (INFO) Received message...
[2019-10-10 22:26:13,205] (INFO) {"bid":"000000000002","timestamp":1568468688282,"receiverid":"PS-A-01"}
[2019-10-10 22:26:13,232] (INFO) Successfully processed message!
[2019-10-10 22:26:13,557] (INFO) Received message...
[2019-10-10 22:26:13,557] (INFO) {"bid":"000000000003","timestamp":1568468688635,"receiverid":"PS-A-01"}
[2019-10-10 22:26:13,580] (INFO) Successfully processed message!
[2019-10-10 22:26:13,723] (INFO) Received message...
[2019-10-10 22:26:13,723] (INFO) {"bid":"000000000002","timestamp":1568450909786,"receiverid":"PS-A-02"}
[2019-10-10 22:26:13,747] (INFO) Successfully processed message!
[2019-10-10 22:26:14,264] (INFO) Received message...
[2019-10-10 22:26:14,265] (INFO) {"bid":"000000000001","timestamp":1568468689341,"receiverid":"PS-A-01"}
[2019-10-10 22:26:14,295] (INFO) Successfully processed message!
[2019-10-10 22:26:14,296] (INFO) Received message...
[2019-10-10 22:26:14,296] (INFO) {"bid":"000000000001","timestamp":1568450910346,"receiverid":"PS-A-02"}
[2019-10-10 22:26:14,324] (INFO) Successfully processed message!
[2019-10-10 22:26:15,256] (INFO) Received message...
[2019-10-10 22:26:15,256] (INFO) {"bid":"000000000002","timestamp":1568468690295,"receiverid":"PS-A-01"}
[2019-10-10 22:26:15,317] (INFO) Successfully processed message!
[2019-10-10 22:26:15,318] (INFO) Received message...
[2019-10-10 22:26:15,318] (INFO) {"bid":"000000000002","timestamp":1568450911296,"receiverid":"PS-A-02"}
[2019-10-10 22:26:15,350] (INFO) Successfully processed message!
[2019-10-10 22:26:15,608] (INFO) Received message...
[2019-10-10 22:26:15,609] (INFO) {"bid":"000000000003","timestamp":1568468690684,"receiverid":"PS-A-01"}
[2019-10-10 22:26:15,636] (INFO) Successfully processed message!
[2019-10-10 22:26:15,787] (INFO) Received message...
[2019-10-10 22:26:15,787] (INFO) {"bid":"000000000001","timestamp":1568468690865,"receiverid":"PS-A-01"}
[2019-10-10 22:26:15,819] (INFO) Successfully processed message!
[2019-10-10 22:26:16,736] (INFO) Received message...
[2019-10-10 22:26:16,737] (INFO) {"bid":"000000000002","timestamp":1568468691810,"receiverid":"PS-A-01"}
[2019-10-10 22:26:16,761] (INFO) Successfully processed message!
[2019-10-10 22:26:16,812] (INFO) Received message...
[2019-10-10 22:26:16,812] (INFO) {"bid":"000000000001","timestamp":1568450912894,"receiverid":"PS-A-02"}
[2019-10-10 22:26:16,836] (INFO) Successfully processed message!
[2019-10-10 22:26:18,240] (INFO) Received message...
[2019-10-10 22:26:18,240] (INFO) {"bid":"000000000002","timestamp":1568468693316,"receiverid":"PS-A-01"}
[2019-10-10 22:26:18,267] (INFO) Successfully processed message!
[2019-10-10 22:26:18,334] (INFO) Received message...
[2019-10-10 22:26:18,334] (INFO) {"bid":"000000000001","timestamp":1568450914415,"receiverid":"PS-A-02"}
[2019-10-10 22:26:18,372] (INFO) Successfully processed message!
[2019-10-10 22:26:18,684] (INFO) Received message...
[2019-10-10 22:26:18,685] (INFO) {"bid":"000000000003","timestamp":1568450914753,"receiverid":"PS-A-02"}
[2019-10-10 22:26:18,710] (INFO) Successfully processed message!
[2019-10-10 22:26:18,846] (INFO) Received message...
[2019-10-10 22:26:18,847] (INFO) {"bid":"000000000001","timestamp":1568468693924,"receiverid":"PS-A-01"}
[2019-10-10 22:26:18,874] (INFO) Successfully processed message!
[2019-10-10 22:26:19,695] (INFO) Received message...
[2019-10-10 22:26:19,695] (INFO) {"bid":"000000000003","timestamp":1568468694771,"receiverid":"PS-A-01"}
[2019-10-10 22:26:19,725] (INFO) Successfully processed message!
[2019-10-10 22:26:20,761] (INFO) Received message...
[2019-10-10 22:26:20,761] (INFO) {"bid":"000000000002","timestamp":1568468695839,"receiverid":"PS-A-01"}
[2019-10-10 22:26:20,786] (INFO) Successfully processed message!
[2019-10-10 22:26:21,747] (INFO) Received message...
[2019-10-10 22:26:21,748] (INFO) {"bid":"000000000003","timestamp":1568450917828,"receiverid":"PS-A-02"}
[2019-10-10 22:26:21,776] (INFO) Successfully processed message!
[2019-10-10 22:26:22,261] (INFO) Received message...
[2019-10-10 22:26:22,262] (INFO) {"bid":"000000000003","timestamp":1568468697339,"receiverid":"PS-A-01"}
[2019-10-10 22:26:22,302] (INFO) Successfully processed message!
[2019-10-10 22:26:22,303] (INFO) Received message...
[2019-10-10 22:26:22,303] (INFO) {"bid":"000000000002","timestamp":1568450918353,"receiverid":"PS-A-02"}
[2019-10-10 22:26:22,326] (INFO) Successfully processed message!
[2019-10-10 22:26:22,438] (INFO) Received message...
[2019-10-10 22:26:22,438] (INFO) {"bid":"000000000001","timestamp":1568468697486,"receiverid":"PS-A-01"}
[2019-10-10 22:26:22,482] (INFO) Successfully processed message!
[2019-10-10 22:26:23,785] (INFO) Received message...
[2019-10-10 22:26:23,785] (INFO) {"bid":"000000000002","timestamp":1568468698863,"receiverid":"PS-A-01"}
[2019-10-10 22:26:23,811] (INFO) Successfully processed message!
[2019-10-10 22:26:23,963] (INFO) Received message...
[2019-10-10 22:26:23,963] (INFO) {"bid":"000000000003","timestamp":1568468698869,"receiverid":"PS-A-01"}
[2019-10-10 22:26:23,984] (INFO) Successfully processed message!
[2019-10-10 22:26:24,287] (INFO) Received message...
[2019-10-10 22:26:24,288] (INFO) {"bid":"000000000002","timestamp":1568450920368,"receiverid":"PS-A-02"}
[2019-10-10 22:26:24,313] (INFO) Successfully processed message!
[2019-10-10 22:26:24,438] (INFO) Received message...
[2019-10-10 22:26:24,438] (INFO) {"bid":"000000000001","timestamp":1568468699515,"receiverid":"PS-A-01"}
[2019-10-10 22:26:24,466] (INFO) Successfully processed message!
[2019-10-10 22:26:25,327] (INFO) Received message...
[2019-10-10 22:26:25,327] (INFO) {"bid":"000000000003","timestamp":1568468700405,"receiverid":"PS-A-01"}
[2019-10-10 22:26:25,352] (INFO) Successfully processed message!
[2019-10-10 22:26:25,353] (INFO) Received message...
[2019-10-10 22:26:25,353] (INFO) {"bid":"000000000003","timestamp":1568450921406,"receiverid":"PS-A-02"}
[2019-10-10 22:26:25,378] (INFO) Successfully processed message!
[2019-10-10 22:26:25,975] (INFO) Received message...
[2019-10-10 22:26:25,975] (INFO) {"bid":"000000000001","timestamp":1568468701052,"receiverid":"PS-A-01"}
[2019-10-10 22:26:25,997] (INFO) Successfully processed message!
[2019-10-10 22:26:26,308] (INFO) Received message...
[2019-10-10 22:26:26,308] (INFO) {"bid":"000000000002","timestamp":1568468701385,"receiverid":"PS-A-01"}
[2019-10-10 22:26:26,334] (INFO) Successfully processed message!
[2019-10-10 22:26:26,475] (INFO) Received message...
[2019-10-10 22:26:26,476] (INFO) {"bid":"000000000001","timestamp":1568450922556,"receiverid":"PS-A-02"}
[2019-10-10 22:26:26,519] (INFO) Successfully processed message!
[2019-10-10 22:26:27,502] (INFO) Received message...
[2019-10-10 22:26:27,503] (INFO) {"bid":"000000000001","timestamp":1568468702577,"receiverid":"PS-A-01"}
[2019-10-10 22:26:27,624] (INFO) Successfully processed message!
[2019-10-10 22:26:27,820] (INFO) Received message...
[2019-10-10 22:26:27,820] (INFO) {"bid":"000000000002","timestamp":1568468702898,"receiverid":"PS-A-01"}
[2019-10-10 22:26:27,841] (INFO) Successfully processed message!
[2019-10-10 22:26:28,343] (INFO) Received message...
[2019-10-10 22:26:28,343] (INFO) {"bid":"000000000002","timestamp":1568450924407,"receiverid":"PS-A-02"}
[2019-10-10 22:26:28,368] (INFO) Successfully processed message!
[2019-10-10 22:26:28,523] (INFO) Received message...
[2019-10-10 22:26:28,523] (INFO) {"bid":"000000000003","timestamp":1568450924486,"receiverid":"PS-A-02"}
[2019-10-10 22:26:28,545] (INFO) Successfully processed message!
[2019-10-10 22:26:28,545] (INFO) Received message...
[2019-10-10 22:26:28,545] (INFO) {"bid":"000000000001","timestamp":1568450924594,"receiverid":"PS-A-02"}
[2019-10-10 22:26:28,569] (INFO) Successfully processed message!
[2019-10-10 22:26:28,913] (INFO) Received message...
[2019-10-10 22:26:28,914] (INFO) {"bid":"000000000003","timestamp":1568468703990,"receiverid":"PS-A-01"}
[2019-10-10 22:26:28,955] (INFO) Successfully processed message!
[2019-10-10 22:26:29,332] (INFO) Received message...
[2019-10-10 22:26:29,332] (INFO) {"bid":"000000000002","timestamp":1568468704403,"receiverid":"PS-A-01"}
[2019-10-10 22:26:29,354] (INFO) Successfully processed message!
[2019-10-10 22:26:29,528] (INFO) Received message...
[2019-10-10 22:26:29,528] (INFO) {"bid":"000000000001","timestamp":1568468704606,"receiverid":"PS-A-01"}
[2019-10-10 22:26:29,555] (INFO) Successfully processed message!
[2019-10-10 22:26:30,039] (INFO) Received message...
[2019-10-10 22:26:30,040] (INFO) {"bid":"000000000001","timestamp":1568450926121,"receiverid":"PS-A-02"}
[2019-10-10 22:26:30,064] (INFO) Successfully processed message!
[2019-10-10 22:26:30,345] (INFO) Received message...
[2019-10-10 22:26:30,345] (INFO) {"bid":"000000000002","timestamp":1568450926421,"receiverid":"PS-A-02"}
[2019-10-10 22:26:30,372] (INFO) Successfully processed message!
[2019-10-10 22:26:30,447] (INFO) Received message...
[2019-10-10 22:26:30,448] (INFO) {"bid":"000000000003","timestamp":1568468705525,"receiverid":"PS-A-01"}
[2019-10-10 22:26:30,472] (INFO) Successfully processed message!
[2019-10-10 22:26:30,973] (INFO) Received message...
[2019-10-10 22:26:30,974] (INFO) {"bid":"000000000003","timestamp":1568450927046,"receiverid":"PS-A-02"}
[2019-10-10 22:26:31,019] (INFO) Successfully processed message!
[2019-10-10 22:26:31,063] (INFO) Received message...
[2019-10-10 22:26:31,063] (INFO) {"bid":"000000000001","timestamp":1568468706140,"receiverid":"PS-A-01"}
[2019-10-10 22:26:31,091] (INFO) Successfully processed message!
[2019-10-10 22:26:31,568] (INFO) Received message...
[2019-10-10 22:26:31,569] (INFO) {"bid":"000000000001","timestamp":1568450927643,"receiverid":"PS-A-02"}
[2019-10-10 22:26:31,590] (INFO) Successfully processed message!
[2019-10-10 22:26:32,594] (INFO) Received message...
[2019-10-10 22:26:32,594] (INFO) {"bid":"000000000001","timestamp":1568468707666,"receiverid":"PS-A-01"}
[2019-10-10 22:26:32,621] (INFO) Successfully processed message!
[2019-10-10 22:26:32,860] (INFO) Received message...
[2019-10-10 22:26:32,860] (INFO) {"bid":"000000000002","timestamp":1568468707937,"receiverid":"PS-A-01"}
[2019-10-10 22:26:32,882] (INFO) Successfully processed message!
[2019-10-10 22:26:34,621] (INFO) Received message...
[2019-10-10 22:26:34,621] (INFO) {"bid":"000000000001","timestamp":1568450930703,"receiverid":"PS-A-02"}
[2019-10-10 22:26:34,641] (INFO) Successfully processed message!
[2019-10-10 22:26:34,642] (INFO) Received message...
[2019-10-10 22:26:34,642] (INFO) {"bid":"000000000001","timestamp":1568468709701,"receiverid":"PS-A-01"}
[2019-10-10 22:26:34,664] (INFO) Successfully processed message!
[2019-10-10 22:26:34,874] (INFO) Received message...
[2019-10-10 22:26:34,874] (INFO) {"bid":"000000000002","timestamp":1568450930954,"receiverid":"PS-A-02"}
[2019-10-10 22:26:34,896] (INFO) Successfully processed message!
[2019-10-10 22:26:35,121] (INFO) Received message...
[2019-10-10 22:26:35,122] (INFO) {"bid":"000000000003","timestamp":1568468710130,"receiverid":"PS-A-01"}
[2019-10-10 22:26:35,145] (INFO) Successfully processed message!
[2019-10-10 22:26:36,454] (INFO) Received message...
[2019-10-10 22:26:36,454] (INFO) {"bid":"000000000002","timestamp":1568468711464,"receiverid":"PS-A-01"}
[2019-10-10 22:26:36,491] (INFO) Successfully processed message!
[2019-10-10 22:26:36,592] (INFO) Received message...
[2019-10-10 22:26:36,592] (INFO) {"bid":"000000000003","timestamp":1568468711666,"receiverid":"PS-A-01"}
[2019-10-10 22:26:36,613] (INFO) Successfully processed message!
[2019-10-10 22:26:36,863] (INFO) Received message...
[2019-10-10 22:26:36,863] (INFO) {"bid":"000000000001","timestamp":1568468711731,"receiverid":"PS-A-01"}
[2019-10-10 22:26:36,893] (INFO) Successfully processed message!
[2019-10-10 22:26:37,272] (INFO) Received message...
[2019-10-10 22:26:37,272] (INFO) {"bid":"000000000001","timestamp":1568450933244,"receiverid":"PS-A-02"}
[2019-10-10 22:26:37,301] (INFO) Successfully processed message!
[2019-10-10 22:26:37,404] (INFO) Received message...
[2019-10-10 22:26:37,404] (INFO) {"bid":"000000000002","timestamp":1568450933476,"receiverid":"PS-A-02"}
[2019-10-10 22:26:37,428] (INFO) Successfully processed message!
[2019-10-10 22:26:38,194] (INFO) Received message...
[2019-10-10 22:26:38,194] (INFO) {"bid":"000000000003","timestamp":1568468713204,"receiverid":"PS-A-01"}
[2019-10-10 22:26:38,357] (INFO) Successfully processed message!
[2019-10-10 22:26:38,407] (INFO) Received message...
[2019-10-10 22:26:38,407] (INFO) {"bid":"000000000002","timestamp":1568468713482,"receiverid":"PS-A-01"}
[2019-10-10 22:26:38,453] (INFO) Successfully processed message!
[2019-10-10 22:26:38,697] (INFO) Received message...
[2019-10-10 22:26:38,698] (INFO) {"bid":"000000000001","timestamp":1568468713771,"receiverid":"PS-A-01"}
[2019-10-10 22:26:38,734] (INFO) Successfully processed message!
[2019-10-10 22:26:39,661] (INFO) Received message...
[2019-10-10 22:26:39,662] (INFO) {"bid":"000000000003","timestamp":1568468714739,"receiverid":"PS-A-01"}
[2019-10-10 22:26:39,686] (INFO) Successfully processed message!
[2019-10-10 22:26:39,913] (INFO) Received message...
[2019-10-10 22:26:39,914] (INFO) {"bid":"000000000002","timestamp":1568468714989,"receiverid":"PS-A-01"}
[2019-10-10 22:26:39,935] (INFO) Successfully processed message!
[2019-10-10 22:26:40,227] (INFO) Received message...
[2019-10-10 22:26:40,228] (INFO) {"bid":"000000000001","timestamp":1568468715303,"receiverid":"PS-A-01"}
[2019-10-10 22:26:40,249] (INFO) Successfully processed message!
[2019-10-10 22:26:40,249] (INFO) Received message...
[2019-10-10 22:26:40,249] (INFO) {"bid":"000000000001","timestamp":1568450936308,"receiverid":"PS-A-02"}
[2019-10-10 22:26:40,271] (INFO) Successfully processed message!
[2019-10-10 22:26:41,471] (INFO) Received message...
[2019-10-10 22:26:41,471] (INFO) {"bid":"000000000002","timestamp":1568468716501,"receiverid":"PS-A-01"}
[2019-10-10 22:26:41,490] (INFO) Successfully processed message!
[2019-10-10 22:26:41,491] (INFO) Received message...
[2019-10-10 22:26:41,491] (INFO) {"bid":"000000000002","timestamp":1568450937506,"receiverid":"PS-A-02"}
[2019-10-10 22:26:41,513] (INFO) Successfully processed message!
[2019-10-10 22:26:41,777] (INFO) Received message...
[2019-10-10 22:26:41,777] (INFO) {"bid":"000000000003","timestamp":1568468716791,"receiverid":"PS-A-01"}
[2019-10-10 22:26:41,800] (INFO) Successfully processed message!
[2019-10-10 22:26:42,939] (INFO) Received message...
[2019-10-10 22:26:42,939] (INFO) {"bid":"000000000002","timestamp":1568468718016,"receiverid":"PS-A-01"}
[2019-10-10 22:26:42,970] (INFO) Successfully processed message!
[2019-10-10 22:26:43,313] (INFO) Received message...
[2019-10-10 22:26:43,314] (INFO) {"bid":"000000000001","timestamp":1568468718352,"receiverid":"PS-A-01"}
[2019-10-10 22:26:43,339] (INFO) Successfully processed message!
[2019-10-10 22:26:43,826] (INFO) Received message...
[2019-10-10 22:26:43,826] (INFO) {"bid":"000000000003","timestamp":1568468718834,"receiverid":"PS-A-01"}
[2019-10-10 22:26:43,852] (INFO) Successfully processed message!
[2019-10-10 22:26:43,949] (INFO) Received message...
[2019-10-10 22:26:43,949] (INFO) {"bid":"000000000002","timestamp":1568450940026,"receiverid":"PS-A-02"}
[2019-10-10 22:26:43,973] (INFO) Successfully processed message!
[2019-10-10 22:26:44,279] (INFO) Received message...
[2019-10-10 22:26:44,280] (INFO) {"bid":"000000000003","timestamp":1568450940359,"receiverid":"PS-A-02"}
[2019-10-10 22:26:44,315] (INFO) Successfully processed message!
[2019-10-10 22:26:44,849] (INFO) Received message...
[2019-10-10 22:26:44,849] (INFO) {"bid":"000000000001","timestamp":1568468719880,"receiverid":"PS-A-01"}
[2019-10-10 22:26:44,872] (INFO) Successfully processed message!
[2019-10-10 22:26:44,979] (INFO) Received message...
[2019-10-10 22:26:44,979] (INFO) {"bid":"000000000002","timestamp":1568468720029,"receiverid":"PS-A-01"}
[2019-10-10 22:26:44,996] (INFO) Successfully processed message!
[2019-10-10 22:26:45,361] (INFO) Received message...
[2019-10-10 22:26:45,361] (INFO) {"bid":"000000000003","timestamp":1568468720376,"receiverid":"PS-A-01"}
[2019-10-10 22:26:45,392] (INFO) Successfully processed message!
[2019-10-10 22:26:46,488] (INFO) Received message...
[2019-10-10 22:26:46,489] (INFO) {"bid":"000000000002","timestamp":1568468721537,"receiverid":"PS-A-01"}
[2019-10-10 22:26:46,516] (INFO) Successfully processed message!
[2019-10-10 22:26:46,517] (INFO) Received message...
[2019-10-10 22:26:46,517] (INFO) {"bid":"000000000002","timestamp":1568450942544,"receiverid":"PS-A-02"}
[2019-10-10 22:26:46,535] (INFO) Successfully processed message!
[2019-10-10 22:26:47,409] (INFO) Received message...
[2019-10-10 22:26:47,409] (INFO) {"bid":"000000000001","timestamp":1568468722422,"receiverid":"PS-A-01"}
[2019-10-10 22:26:47,428] (INFO) Successfully processed message!
[2019-10-10 22:26:47,921] (INFO) Received message...
[2019-10-10 22:26:47,921] (INFO) {"bid":"000000000003","timestamp":1568468722932,"receiverid":"PS-A-01"}
[2019-10-10 22:26:47,939] (INFO) Successfully processed message!
[2019-10-10 22:26:48,032] (INFO) Received message...
[2019-10-10 22:26:48,036] (INFO) {"bid":"000000000002","timestamp":1568468723054,"receiverid":"PS-A-01"}
[2019-10-10 22:26:48,054] (INFO) Successfully processed message!
[2019-10-10 22:26:49,468] (INFO) Received message...
[2019-10-10 22:26:49,468] (INFO) {"bid":"000000000003","timestamp":1568468724472,"receiverid":"PS-A-01"}
[2019-10-10 22:26:49,539] (INFO) Successfully processed message!
[2019-10-10 22:26:49,539] (INFO) Received message...
[2019-10-10 22:26:49,540] (INFO) {"bid":"000000000003","timestamp":1568450945477,"receiverid":"PS-A-02"}
[2019-10-10 22:26:49,570] (INFO) Successfully processed message!
[2019-10-10 22:26:49,570] (INFO) Received message...
[2019-10-10 22:26:49,570] (INFO) {"bid":"000000000002","timestamp":1568468724561,"receiverid":"PS-A-01"}
[2019-10-10 22:26:49,588] (INFO) Successfully processed message!
[2019-10-11 10:14:00,385] (INFO) Connected with Code : 0
[2019-10-11 10:17:53,553] (INFO) Connected with Code : 0
[2019-10-11 10:17:58,339] (INFO) Received message...
[2019-10-11 10:17:58,340] (INFO) {"bid":"000000000001, "timestamp": 1568468722422, "receiverid" : "PS-A-01"}
[2019-10-11 10:18:47,621] (INFO) Connected with Code : 0
[2019-10-11 10:19:08,820] (INFO) Received message...
[2019-10-11 10:19:08,820] (INFO) {"bid":"000000000002","timestamp":1568468724561,"receiverid":"PS-A-01"}
[2019-10-11 10:21:48,974] (INFO) Connected with Code : 0
[2019-10-11 10:21:55,138] (INFO) Received message...
[2019-10-11 10:21:55,139] (INFO) {"bid":"000000000002","timestamp":1568468724561,"receiverid":"PS-A-01"}
[2019-10-11 10:24:05,537] (INFO) Connected with Code : 0
[2019-10-11 10:24:17,046] (INFO) Received message...
[2019-10-11 10:24:17,047] (INFO) {"bid":"000000000002","timestamp":1568468724561,"receiverid":"PS-A-01"}
[2019-10-11 10:24:42,858] (INFO) Connected with Code : 0
[2019-10-11 10:25:34,339] (INFO) Connected with Code : 0
[2019-10-11 10:25:42,244] (INFO) Received message...
[2019-10-11 10:25:42,244] (INFO) {"bid":"000000000002","timestamp":1568468724561,"receiverid":"PS-A-01"}
[2019-10-11 10:26:36,619] (INFO) Connected with Code : 0
[2019-10-11 10:26:41,535] (INFO) Received message...
[2019-10-11 10:26:41,536] (INFO) {"bid":"000000000002","timestamp":1568468724561,"receiverid":"PS-A-01"}
[2019-10-11 10:27:00,148] (INFO) Connected with Code : 0
[2019-10-11 10:27:02,118] (INFO) Received message...
[2019-10-11 10:27:02,119] (INFO) {"bid":"000000000002","timestamp":1568468724561,"receiverid":"PS-A-01"}
[2019-10-11 10:27:12,439] (INFO) Connected with Code : 0
[2019-10-11 10:27:14,797] (INFO) Received message...
[2019-10-11 10:27:14,798] (INFO) {"bid":"000000000002","timestamp":1568468724561,"receiverid":"PS-A-01"}
[2019-10-11 10:28:08,064] (INFO) Connected with Code : 0
[2019-10-11 10:28:16,463] (INFO) Received message...
[2019-10-11 10:28:16,463] (INFO) {"bid":"000000000002","timestamp":1568468724561,"receiverid":"PS-A-01"}
[2019-10-11 10:28:16,532] (INFO) Successfully processed message!
[2019-10-11 10:28:18,611] (INFO) Received message...
[2019-10-11 10:28:18,611] (INFO) {"bid":"000000000002","timestamp":1568468724561,"receiverid":"PS-A-01"}
[2019-10-11 10:28:18,648] (INFO) Successfully processed message!
[2019-10-11 10:35:29,004] (INFO) Connected with Code : 0
[2019-10-11 10:35:33,101] (INFO) Received message...
[2019-10-11 10:35:33,101] (INFO) {"bid":"000000000002","timestamp":1568468724561,"receiverid":"PS-A-01"}
[2019-10-11 10:35:33,146] (INFO) Successfully processed message!
[2019-10-11 10:35:33,809] (INFO) Received message...
[2019-10-11 10:35:33,809] (INFO) {"bid":"000000000002","timestamp":1568468724561,"receiverid":"PS-A-01"}
[2019-10-11 10:35:33,843] (INFO) Successfully processed message!
[2019-10-11 10:40:36,850] (INFO) Connected with Code : 0
[2019-10-11 10:40:44,196] (INFO) Received message...
[2019-10-11 10:40:44,197] (INFO) {"bid":"000000000002","timestamp":1568468724561,"receiverid":"PS-A-01"}
[2019-10-11 10:43:01,005] (INFO) Connected with Code : 0
[2019-10-11 10:43:05,086] (INFO) Received message...
[2019-10-11 10:43:05,086] (INFO) {"bid":"000000000002","timestamp":1568468724561,"receiverid":"PS-A-01"}
[2019-10-11 10:44:33,751] (INFO) Connected with Code : 0
[2019-10-11 10:44:39,140] (INFO) Received message...
[2019-10-11 10:44:39,141] (INFO) {"bid":"000000000002","timestamp":1568468724561,"receiverid":"PS-A-01"}
[2019-10-11 10:44:39,190] (INFO) Successfully processed message!
[2019-10-11 10:44:50,714] (INFO) Received message...
[2019-10-11 10:44:50,716] (INFO) {"bid":"000000000002","timestamp":1568468724561,"receiverid":"PS-A-01"}
[2019-10-11 10:44:50,754] (INFO) Successfully processed message!
[2019-10-11 10:44:50,891] (INFO) Received message...
[2019-10-11 10:44:50,891] (INFO) {"bid":"000000000002","timestamp":1568468724561,"receiverid":"PS-A-01"}
[2019-10-11 10:44:50,933] (INFO) Successfully processed message!
[2019-10-11 10:44:51,035] (INFO) Received message...
[2019-10-11 10:44:51,035] (INFO) {"bid":"000000000002","timestamp":1568468724561,"receiverid":"PS-A-01"}
[2019-10-11 10:44:51,069] (INFO) Successfully processed message!
[2019-10-11 10:44:51,201] (INFO) Received message...
[2019-10-11 10:44:51,201] (INFO) {"bid":"000000000002","timestamp":1568468724561,"receiverid":"PS-A-01"}
[2019-10-11 10:44:51,234] (INFO) Successfully processed message!
[2019-10-11 10:44:51,372] (INFO) Received message...
[2019-10-11 10:44:51,372] (INFO) {"bid":"000000000002","timestamp":1568468724561,"receiverid":"PS-A-01"}
[2019-10-11 10:44:51,406] (INFO) Successfully processed message!
[2019-10-11 10:44:51,539] (INFO) Received message...
[2019-10-11 10:44:51,540] (INFO) {"bid":"000000000002","timestamp":1568468724561,"receiverid":"PS-A-01"}
[2019-10-11 10:44:51,579] (INFO) Successfully processed message!
[2019-10-11 10:44:51,702] (INFO) Received message...
[2019-10-11 10:44:51,702] (INFO) {"bid":"000000000002","timestamp":1568468724561,"receiverid":"PS-A-01"}
[2019-10-11 10:44:51,743] (INFO) Successfully processed message!
[2019-10-11 10:44:51,876] (INFO) Received message...
[2019-10-11 10:44:51,876] (INFO) {"bid":"000000000002","timestamp":1568468724561,"receiverid":"PS-A-01"}
[2019-10-11 10:44:51,916] (INFO) Successfully processed message!
[2019-10-11 10:44:52,033] (INFO) Received message...
[2019-10-11 10:44:52,033] (INFO) {"bid":"000000000002","timestamp":1568468724561,"receiverid":"PS-A-01"}
[2019-10-11 10:44:52,071] (INFO) Successfully processed message!
[2019-10-11 10:44:52,203] (INFO) Received message...
[2019-10-11 10:44:52,204] (INFO) {"bid":"000000000002","timestamp":1568468724561,"receiverid":"PS-A-01"}
[2019-10-11 10:44:52,250] (INFO) Successfully processed message!
[2019-10-11 10:44:52,366] (INFO) Received message...
[2019-10-11 10:44:52,367] (INFO) {"bid":"000000000002","timestamp":1568468724561,"receiverid":"PS-A-01"}
[2019-10-11 10:44:52,401] (INFO) Successfully processed message!
[2019-10-11 10:44:52,623] (INFO) Received message...
[2019-10-11 10:44:52,623] (INFO) {"bid":"000000000002","timestamp":1568468724561,"receiverid":"PS-A-01"}
[2019-10-11 10:44:52,665] (INFO) Successfully processed message!
[2019-10-11 10:44:52,665] (INFO) Received message...
[2019-10-11 10:44:52,665] (INFO) {"bid":"000000000002","timestamp":1568468724561,"receiverid":"PS-A-01"}
[2019-10-11 10:44:52,706] (INFO) Successfully processed message!
[2019-10-11 10:44:52,818] (INFO) Received message...
[2019-10-11 10:44:52,818] (INFO) {"bid":"000000000002","timestamp":1568468724561,"receiverid":"PS-A-01"}
[2019-10-11 10:44:52,865] (INFO) Successfully processed message!
[2019-10-11 10:44:53,032] (INFO) Received message...
[2019-10-11 10:44:53,032] (INFO) {"bid":"000000000002","timestamp":1568468724561,"receiverid":"PS-A-01"}
[2019-10-11 10:44:53,063] (INFO) Successfully processed message!
[2019-10-11 10:44:53,104] (INFO) Received message...
[2019-10-11 10:44:53,104] (INFO) {"bid":"000000000002","timestamp":1568468724561,"receiverid":"PS-A-01"}
[2019-10-11 10:44:53,138] (INFO) Successfully processed message!
